<?xml version="1.0" encoding="UTF-8"?>
<!-- Generated by org.testng.reporters.JUnitReportReporter -->
<testsuite hostname="mpate-PC" name="com.talend.tic.scripts.TIC003_ScheduleNow" tests="1" failures="0" timestamp="13 Oct 2015 10:04:59 GMT" time="221,725" errors="0">
  <testcase name="testScheduleNow" time="221,725" classname="com.talend.tic.scripts.TIC003_ScheduleNow"/>
</testsuite>
